proguard/seeds.txt
com.google.android.gms.games.GameRef
com.google.android.gms.games.Player
com.google.android.gms.games.PlayerEntity
com.google.android.gms.games.PlayerEntity: android.os.Parcelable$Creator CREATOR
com.google.android.gms.games.PlayerLevel
com.google.android.gms.games.PlayerLevelInfo
com.google.android.gms.games.PlayerRef
com.google.android.gms.games.event.Event
com.google.android.gms.games.event.EventEntity
com.google.android.gms.games.event.EventRef
com.google.android.gms.games.internal.ConnectionInfo
com.google.android.gms.games.internal.GamesDowngradeableSafeParcel
com.google.android.gms.games.internal.game.ExtendedGame
com.google.android.gms.games.internal.game.ExtendedGameEntity
com.google.android.gms.games.internal.game.ExtendedGameRef
com.google.android.gms.games.internal.game.GameBadge
com.google.android.gms.games.internal.game.GameBadgeEntity
com.google.android.gms.games.internal.game.GameBadgeRef
com.google.android.gms.games.internal.multiplayer.ZInvitationCluster
com.google.android.gms.games.internal.player.MostRecentGameInfo
com.google.android.gms.games.internal.player.MostRecentGameInfoEntity
com.google.android.gms.games.internal.player.MostRecentGameInfoRef
com.google.android.gms.games.internal.request.GameRequestCluster
com.google.android.gms.games.multiplayer.Invitation
com.google.android.gms.games.multiplayer.InvitationEntity
com.google.android.gms.games.multiplayer.InvitationEntity: android.os.Parcelable$Creator CREATOR
com.google.android.gms.games.multiplayer.InvitationRef
com.google.android.gms.games.multiplayer.Participant
com.google.android.gms.games.multiplayer.ParticipantEntity
com.google.android.gms.games.multiplayer.ParticipantEntity: android.os.Parcelable$Creator CREATOR
com.google.android.gms.games.multiplayer.ParticipantRef
com.google.android.gms.games.multiplayer.ParticipantResult
com.google.android.gms.games.multiplayer.realtime.RealTimeMessage
com.google.android.gms.games.multiplayer.realtime.RealTimeMessage: android.os.Parcelable$Creator CREATOR
com.google.android.gms.games.multiplayer.realtime.Room
com.google.android.gms.games.multiplayer.realtime.RoomEntity
com.google.android.gms.games.multiplayer.realtime.RoomEntity: android.os.Parcelable$Creator CREATOR
com.google.android.gms.games.multiplayer.realtime.RoomRef
com.google.android.gms.games.multiplayer.turnbased.TurnBasedMatch
com.google.android.gms.games.multiplayer.turnbased.TurnBasedMatchEntity
com.google.android.gms.games.multiplayer.turnbased.TurnBasedMatchRef
com.google.android.gms.games.quest.Milestone
com.google.android.gms.games.quest.MilestoneEntity
com.google.android.gms.games.quest.MilestoneRef
com.google.android.gms.games.quest.Quest
com.google.android.gms.games.quest.QuestEntity
com.google.android.gms.games.quest.QuestRef
com.google.android.gms.games.request.GameRequest
com.google.android.gms.games.request.GameRequestEntity
com.google.android.gms.games.request.GameRequestRef
com.google.android.gms.games.snapshot.Snapshot
com.google.android.gms.games.snapshot.SnapshotEntity
com.google.android.gms.games.snapshot.SnapshotMetadata
com.google.android.gms.games.snapshot.SnapshotMetadataChange
com.google.android.gms.games.snapshot.SnapshotMetadataEntity
com.google.android.gms.games.snapshot.SnapshotMetadataRef
com.google.android.gms.identity.intents.UserAddressRequest
com.google.android.gms.identity.intents.UserAddressRequest: android.os.Parcelable$Creator CREATOR
com.google.android.gms.identity.intents.model.CountrySpecification
com.google.android.gms.identity.intents.model.CountrySpecification: android.os.Parcelable$Creator CREATOR
com.google.android.gms.identity.intents.model.UserAddress
com.google.android.gms.identity.intents.model.UserAddress: android.os.Parcelable$Creator CREATOR
com.google.android.gms.internal.a: com.google.android.gms.internal.a[] values()
com.google.android.gms.internal.a: com.google.android.gms.internal.a valueOf(java.lang.String)
com.google.android.gms.internal.aj
com.google.android.gms.internal.am