proguard/mapping.txt
com.google.android.gms.internal.kv -> com.google.android.gms.internal.cs:
    com.google.android.gms.internal.kt$a bH(android.os.Parcel) -> a
    com.google.android.gms.internal.kt$a[] de(int) -> a
    void a(com.google.android.gms.internal.kt$a,android.os.Parcel,int) -> a
    java.lang.Object[] newArray(int) -> newArray
    java.lang.Object createFromParcel(android.os.Parcel) -> createFromParcel
com.google.android.gms.internal.kw -> com.google.android.gms.internal.ct:
    com.google.android.gms.internal.kt$b bI(android.os.Parcel) -> a
    com.google.android.gms.internal.kt$b[] df(int) -> a
    void a(com.google.android.gms.internal.kt$b,android.os.Parcel,int) -> a
    java.lang.Object[] newArray(int) -> newArray
    java.lang.Object createFromParcel(android.os.Parcel) -> createFromParcel
com.google.android.gms.internal.kx -> com.google.android.gms.internal.cu:
    com.google.android.gms.internal.kt$b$a bJ(android.os.Parcel) -> a
    com.google.android.gms.internal.kt$b$a[] dg(int) -> a
    void a(com.google.android.gms.internal.kt$b$a,android.os.Parcel,int) -> a
    java.lang.Object[] newArray(int) -> newArray
    java.lang.Object createFromParcel(android.os.Parcel) -> createFromParcel
com.google.android.gms.internal.ky -> com.google.android.gms.internal.cv:
    com.google.android.gms.internal.kt$b$b bK(android.os.Parcel) -> a
    com.google.android.gms.internal.kt$b$b[] dh(int) -> a
    void a(com.google.android.gms.internal.kt$b$b,android.os.Parcel,int) -> a
    java.lang.Object[] newArray(int) -> newArray
    java.lang.Object createFromParcel(android.os.Parcel) -> createFromParcel
com.google.android.gms.internal.kz -> com.google.android.gms.internal.cw:
    com.google.android.gms.internal.kt$c bL(android.os.Parcel) -> a
    com.google.android.gms.internal.kt$c[] di(int) -> a
    void a(com.google.android.gms.internal.kt$c,android.os.Parcel,int) -> a
    java.lang.Object[] newArray(int) -> newArray
    java.lang.Object createFromParcel(android.os.Parcel) -> createFromParcel
com.google.android.gms.internal.l -> com.google.android.gms.internal.cx:
    com.google.android.gms.internal.h kh -> a
    void a(android.view.MotionEvent) -> a
com.google.android.gms.internal.la -> com.google.android.gms.internal.cy:
    com.google.android.gms.internal.kt$d bM(android.os.Parcel) -> a
    com.google.android.gms.internal.kt$d[] dj(int) -> a
    void a(com.google.android.gms.internal.kt$d,android.os.Parcel,int) -> a
    java.lang.Object[] newArray(int) -> newArray
    java.lang.Object createFromParcel(android.os.Parcel) -> createFromParcel
com.google.android.gms.internal.lb -> com.google.android.gms.internal.cz:
    com.google.android.gms.internal.kt$f bN(android.os.Parcel) -> a
    com.google.android.gms.internal.kt$f[] dk(int) -> a
    void a(com.google.android.gms.internal.kt$f,android.os.Parcel,int) -> a
    java.lang.Object[] newArray(int) -> newArray
    java.lang.Object createFromParcel(android.os.Parcel) -> createFromParcel
com.google.android.gms.internal.lc -> com.google.android.gms.internal.da:
    com.google.android.gms.internal.kt$g bO(android.os.Parcel) -> a
    com.google.android.gms.internal.kt$g[] dl(int) -> a
    void a(com.google.android.gms.internal.kt$g,android.os.Parcel,int) -> a
    java.lang.Object[] newArray(int) -> newArray
    java.lang.Object createFromParcel(android.os.Parcel) -> createFromParcel
com.google.android.gms.internal.ld -> com.google.android.gms.internal.db:
    com.google.android.gms.internal.kt$h bP(android.os.Parcel) -> a
    com.google.android.gms.internal.kt$h[] dm(int) -> a
    void a(com.google.android.gms.internal.kt$h,android.os.Parcel,int) -> a
    java.lang.Object[] newArray(int) -> newArray
    java.lang.Object createFromParcel(android.os.Parcel) -> createFromParcel