proguard/usage.txt
com.google.android.gms.analytics.HitBuilders
com.google.android.gms.analytics.HitBuilders$AppViewBuilder
com.google.android.gms.analytics.HitBuilders$EventBuilder
com.google.android.gms.analytics.HitBuilders$ExceptionBuilder
com.google.android.gms.analytics.HitBuilders$HitBuilder
com.google.android.gms.analytics.HitBuilders$ItemBuilder
com.google.android.gms.analytics.HitBuilders$ScreenViewBuilder
com.google.android.gms.analytics.HitBuilders$SocialBuilder
com.google.android.gms.analytics.HitBuilders$TimingBuilder
com.google.android.gms.analytics.HitBuilders$TransactionBuilder
com.google.android.gms.analytics.Logger
com.google.android.gms.analytics.Logger$LogLevel
com.google.android.gms.analytics.StandardExceptionParser
com.google.android.gms.analytics.Tracker
com.google.android.gms.analytics.Tracker$a
com.google.android.gms.analytics.Tracker$a$1
com.google.android.gms.analytics.TrackerHandler
com.google.android.gms.analytics.a
com.google.android.gms.analytics.aa
com.google.android.gms.analytics.ab
com.google.android.gms.analytics.ac
com.google.android.gms.analytics.ac$1
com.google.android.gms.analytics.ac$a
com.google.android.gms.analytics.ad
com.google.android.gms.analytics.ae
com.google.android.gms.analytics.af
com.google.android.gms.analytics.ag
com.google.android.gms.analytics.ah
com.google.android.gms.analytics.ai
com.google.android.gms.analytics.ai$a
com.google.android.gms.analytics.aj
com.google.android.gms.analytics.ak
com.google.android.gms.analytics.b
com.google.android.gms.analytics.c
com.google.android.gms.analytics.c$a
com.google.android.gms.analytics.c$b
com.google.android.gms.analytics.c$c
com.google.android.gms.analytics.d
com.google.android.gms.analytics.e
com.google.android.gms.analytics.ecommerce.Product
com.google.android.gms.analytics.ecommerce.ProductAction
com.google.android.gms.analytics.ecommerce.Promotion
com.google.android.gms.analytics.f
com.google.android.gms.analytics.g
com.google.android.gms.analytics.h
com.google.android.gms.analytics.h$1
com.google.android.gms.analytics.i
com.google.android.gms.analytics.j
com.google.android.gms.analytics.k
com.google.android.gms.analytics.k$a
com.google.android.gms.analytics.l
com.google.android.gms.analytics.m
com.google.android.gms.analytics.n
com.google.android.gms.analytics.o
com.google.android.gms.analytics.p
com.google.android.gms.analytics.q
com.google.android.gms.analytics.r
com.google.android.gms.analytics.r$1
com.google.android.gms.analytics.r$2
com.google.android.gms.analytics.s
com.google.android.gms.analytics.s$1
com.google.android.gms.analytics.s$2
com.google.android.gms.analytics.s$3
com.google.android.gms.analytics.s$a
com.google.android.gms.analytics.s$b
com.google.android.gms.analytics.s$c
com.google.android.gms.analytics.s$d
com.google.android.gms.analytics.s$e
com.google.android.gms.analytics.t
com.google.android.gms.analytics.t$1
com.google.android.gms.analytics.t$2
com.google.android.gms.analytics.t$3
com.google.android.gms.analytics.t$4
com.google.android.gms.analytics.u
com.google.android.gms.analytics.u$a
com.google.android.gms.analytics.v
com.google.android.gms.analytics.v$a
com.google.android.gms.analytics.w
com.google.android.gms.analytics.x
com.google.android.gms.analytics.y
com.google.android.gms.analytics.z
com.google.android.gms.appindexing.AppIndex
com.google.android.gms.appindexing.AppIndexApi
com.google.android.gms.appindexing.AppIndexApi$AppIndexingLink
com.google.android.gms.appstate.AppState
com.google.android.gms.appstate.AppStateBuffer
com.google.android.gms.appstate.AppStateManager
com.google.android.gms.appstate.AppStateManager$1
com.google.android.gms.appstate.AppStateManager$2
com.google.android.gms.appstate.AppStateManager$3
com.google.android.gms.appstate.AppStateManager$4
com.google.android.gms.appstate.AppStateManager$5
com.google.android.gms.appstate.AppStateManager$5$1
com.google.android.gms.appstate.AppStateManager$6
com.google.android.gms.appstate.AppStateManager$7